Inputfile: /tmp/DynamicServices/configs/config.json

Done reading Config file

api_key: ffffffff-ffff-ffff-ffff-ffffffffffff
Done setting up Redis connections

> Subscribed to q:events

> Subscribed to q:events

q:events: {"id":1,"event":"enqueue","args":["enqueue","order"]}

Processing job: 1

Processing: 1
quip-jobs:3000/job/1

quip-jobs:3000/job/1

jsonText: {"id":"1","type":"order","data":{"algorithm":"SuperSegmenter","created_by":"user1","execution_id":"seg:r1:w8:l3:u10:k1","notes":"","order":{"execution":{"algorithm":"SuperSegmenter","execution_id":"seg:r1:w8:l3:u10:k1","parameters":[{"r":"1"},{"w":"8"},{"l":"3"},{"u":"10"},{"k":"1"}]},"image":{"case_id":"TCGA-06-0148-01","subject_id":"TCGA-06-0148-01","height":"35558","width":"48002","source":"image_server"},"metadata":{"created_by":"user1","created_on":"1465592027497"},"roi":{"full":"false","square":"false","pct":"false","h":"203","w":"225","x":"17974","y":"14196"}},"title":"title1 :: "},"priority":0,"progress":0,"state":"inactive","created_at":"1485437964890","promote_at":"1485437964890","updated_at":"1485437964892","attempts":{"made":0,"remaining":1,"max":1}}
TCGA-06-0148-01
17974
14196
225
203
JPEG
quip-oss:5000
image_server
Args:

qsize:1
qsize:0
order_processed:
TCGA-06-0148-01
17974
14196
225
203
JPEG
quip-oss:5000
image_server
Args:
* About to connect() to quip-oss port 5000 (#2)
*   Trying 172.20.0.5...
* Connected to quip-oss (172.20.0.5) port 5000 (#2)
> GET /data/images/TCGA-06-0148-01Z-00-DX1.3b19c82d-c52d-4514-8bf6-5b0f629c18de.svs/17974,14196,225,203/full/0/default.jpg HTTP/1.1
Host: quip-oss:5000
Accept: */*

< HTTP/1.1 200 OK
< Server: gunicorn/19.6.0
< Date: Thu, 26 Jan 2017 13:39:26 GMT
< Connection: close
< Transfer-Encoding: chunked
< Content-Type: image/jpeg
< Cache-Control: public, max-age=43200
< Expires: Fri, 27 Jan 2017 01:39:26 GMT
< 
* Closing connection 2
INPUT PARAMETERS: 
input_type: IMG
otsu_ratio: 1
curvature_weight: 0.8
min_size: 3
max_size: 200
ms_kernel: 20
doDeclump: 0
levelset_num_iters: 100
tile_minx: 17974 tile_miny: 14196
tile_width: 225 tile_height: 203
mpp: 0.25
patch_width: 225 patch_height: 203
input_file: images/1/1.JPEG
subject_id: TCGA-06-0148-01
case_id: TCGA-06-0148-01
output_folder: images/1
analysis_id: seg:r1:w8:l3:u10:k1
analysis_desc: 
zipFile: images/1/output.zip
output_level: MASK
normalizeImageColor.....
extractTissueMask.....
ExtractHematoxylinChannel.....
ThresholdImage.....
before CV
Elasped time is 2.00 seconds.
after CV
	zip warning: images/1/output.zip not found or empty
  adding: 1.JPEG (deflated 1%)
  adding: TCGA-06-0148-01.TCGA-06-0148-01.600851449_mpp_0.25_x17974_y14196-algmeta.csv (deflated 46%)
  adding: TCGA-06-0148-01.TCGA-06-0148-01.600851449_mpp_0.25_x17974_y14196-algmeta.json (deflated 53%)
  adding: TCGA-06-0148-01.TCGA-06-0148-01.600851449_mpp_0.25_x17974_y14196-features.csv (deflated 72%)
  adding: TCGA-06-0148-01.TCGA-06-0148-01.600851449_mpp_0.25_x17974_y14196-seg.png (stored 0%)

locationPath:quip-data:9099/services/Camicroscope_DataLoader/DataLoader/query/getFileLocationByIID?TCGAId=TCGA-06-0148-01&api_key=ffffffff-ffff-ffff-ffff-ffffffffffff
quip-data:9099/services/Camicroscope_DataLoader/DataLoader/query/getFileLocationByIID?TCGAId=TCGA-06-0148-01&api_key=ffffffff-ffff-ffff-ffff-ffffffffffff
loc json: [{ "file-location" : "/data/images/TCGA-06-0148-01Z-00-DX1.3b19c82d-c52d-4514-8bf6-5b0f629c18de.svs"}]
file-location:/data/images/TCGA-06-0148-01Z-00-DX1.3b19c82d-c52d-4514-8bf6-5b0f629c18de.svs

Image source: image_server

ImageURL: quip-oss:5000/data/images/TCGA-06-0148-01Z-00-DX1.3b19c82d-c52d-4514-8bf6-5b0f629c18de.svs/17974,14196,225,203/full/0/default.jpg
Process command: mainSegmentFeatures -i images/1/1.JPEG -z images/1/output.zip -o images/1 -t img -c TCGA-06-0148-01 -p TCGA-06-0148-01 -a seg:r1:w8:l3:u10:k1 -s 17974,14196 -b 225,203 -d 225,203
post: curl -X POST -F case_id=TCGA-06-0148-01 -F zip=@images/1/output.zip quip-loader:3001/submitZipOrder
  % Total    % Received % Xferd  Average Speed   Time    Time     Time  Current
                                 Dload  Upload   Total   Spent    Left  Speed
  0     0    0     0    0     0      0      0 --:--:-- --:--:-- --:--:--     0100 32477  100   294  100 32183   5972   638k --:--:-- --:--:-- --:--:--  641k

command:curl -X POST -F case_id=TCGA-06-0148-01 -F zip=@images/1/output.zip quip-loader:3001/submitZipOrder
Response from annotation server:
{"Status":"Queued","Job":{"id":1,"type":"ZipOrder","data":{"case_id":"TCGA-06-0148-01","zipFilePath":"/root/93b6f3c894f4372eb79181d88718c724"},"priority":0,"progress":0,"state":"inactive","created_at":1485437970646,"promote_at":1485437970646,"attempts":{"made":0,"remaining":1,"max":1}},"id":1}

q:events: {"id":1,"event":"enqueue","args":["enqueue","ZipOrder"]}

Event: enqueue
q:events: {"id":"1","event":"start","args":["start","ZipOrder",null]}

Event: start
q:events: {"id":"1","event":"complete","args":["complete",null,null]}
